app/build/intermediates/manifest_merge_blame_file/release/manifest-merger-blame-release-report.txt
1<?xml version="1.0" encoding="utf-8"?>
2<manifest xmlns:android="http://schemas.android.com/apk/res/android"
3    package="com.example.jotdown"
4    android:versionCode="1"
5    android:versionName="1.0" >
6
7    <uses-sdk
8        android:minSdkVersion="21"
8-->src/main/AndroidManifest.xml
9        android:targetSdkVersion="30" />
9-->src/main/AndroidManifest.xml
10
11    <uses-permission android:name="android.permission.INTERNET" />
11-->src/main/AndroidManifest.xml:5:5-67
11-->src/main/AndroidManifest.xml:5:22-64
12    <uses-permission android:name="android.permission.ACCESS_NETWORK_STATE" />
12-->src/main/AndroidManifest.xml:6:5-79
12-->src/main/AndroidManifest.xml:6:22-76
13    <uses-permission android:name="android.permission.ACCESS_WIFI_STATE" />
13-->src/main/AndroidManifest.xml:7:5-76
13-->src/main/AndroidManifest.xml:7:22-73
14
15    <queries>
15-->src/main/AndroidManifest.xml:9:5-13:15
16        <intent>
16-->src/main/AndroidManifest.xml:10:9-12:18
17            <action android:name="com.huawei.hms.core.aidlservice" />
17-->src/main/AndroidManifest.xml:11:13-70
17-->src/main/AndroidManifest.xml:11:21-67
18        </intent>
19        <intent>
19-->[com.huawei.hms:availableupdate:6.1.0.302] AndroidManifest.xml:19:9-21:18
20            <action android:name="com.apptouch.intent.action.update_hms" />
20-->[com.huawei.hms:availableupdate:6.1.0.302] AndroidManifest.xml:20:13-76
20-->[com.huawei.hms:availableupdate:6.1.0.302] AndroidManifest.xml:20:21-73
21        </intent>
22        <intent>
22-->[com.huawei.hms:availableupdate:6.1.0.302] AndroidManifest.xml:22:9-24:18
23            <action android:name="com.huawei.appmarket.intent.action.AppDetail" />
23-->[com.huawei.hms:availableupdate:6.1.0.302] AndroidManifest.xml:23:13-83
23-->[com.huawei.hms:availableupdate:6.1.0.302] AndroidManifest.xml:23:21-80
24        </intent>
25
26        <package android:name="com.hisilicon.android.hiRMService" />
26-->[com.huawei.hms:availableupdate:6.1.0.302] AndroidManifest.xml:26:9-69
26-->[com.huawei.hms:availableupdate:6.1.0.302] AndroidManifest.xml:26:18-66
27
28        <intent>
28-->[com.huawei.hms:device:6.1.0.302] AndroidManifest.xml:18:9-20:18
29            <action android:name="com.huawei.hms.core" />
29-->[com.huawei.hms:device:6.1.0.302] AndroidManifest.xml:19:13-58
29-->[com.huawei.hms:device:6.1.0.302] AndroidManifest.xml:19:21-55
30        </intent>
31    </queries>
32
33    <permission
33-->[com.huawei.hms:push:5.0.4.302] AndroidManifest.xml:9:5-11:55
34        android:name="com.example.jotdown.permission.PROCESS_PUSH_MSG"
34-->[com.huawei.hms:push:5.0.4.302] AndroidManifest.xml:10:9-68
35        android:protectionLevel="signatureOrSystem" /> <!-- PUSH_PROVIDER and PUSH_WRITE_PROVIDER are both provider registered permissions for the notification switch. -->
35-->[com.huawei.hms:push:5.0.4.302] AndroidManifest.xml:11:9-52
36    <!-- The SDK's notification bar switch, EMUI 9.x becomes write to the local sp, sharing the file through the provider to the push-rom, which reads the sp file to get the status of the notification bar switch. -->
37    <permission
37-->[com.huawei.hms:push:5.0.4.302] AndroidManifest.xml:14:5-16:55
38        android:name="com.example.jotdown.permission.PUSH_PROVIDER"
38-->[com.huawei.hms:push:5.0.4.302] AndroidManifest.xml:15:9-65
39        android:protectionLevel="signatureOrSystem" />
39-->[com.huawei.hms:push:5.0.4.302] AndroidManifest.xml:16:9-52
40    <permission
40-->[com.huawei.hms:push:5.0.4.302] AndroidManifest.xml:17:5-19:55
41        android:name="com.example.jotdown.permission.PUSH_WRITE_PROVIDER"
41-->[com.huawei.hms:push:5.0.4.302] AndroidManifest.xml:18:9-71
42        android:protectionLevel="signatureOrSystem" />
42-->[com.huawei.hms:push:5.0.4.302] AndroidManifest.xml:19:9-52
43
44    <uses-permission android:name="com.example.jotdown.permission.PROCESS_PUSH_MSG" />
44-->[com.huawei.hms:push:5.0.4.302] AndroidManifest.xml:21:5-84
44-->[com.huawei.hms:push:5.0.4.302] AndroidManifest.xml:21:22-81
45    <uses-permission android:name="com.example.jotdown.permission.PUSH_PROVIDER" />
45-->[com.huawei.hms:push:5.0.4.302] AndroidManifest.xml:22:5-81
45-->[com.huawei.hms:push:5.0.4.302] AndroidManifest.xml:22:22-78
46    <uses-permission android:name="android.permission.FOREGROUND_SERVICE" /> <!-- 如果是安卓8.0，应用编译配置的targetSdkVersion>=26，请务必添加以下权限 -->
46-->[com.huawei.hms:push:5.0.4.302] AndroidManifest.xml:23:5-77
46-->[com.huawei.hms:push:5.0.4.302] AndroidManifest.xml:23:22-74
47    <uses-permission android:name="android.permission.REQUEST_INSTALL_PACKAGES" /> <!-- 应用市场9.0版本必须使用该权限获取用户的服务地 -->
47-->[com.huawei.hms:availableupdate:6.1.0.302] AndroidManifest.xml:14:5-83
47-->[com.huawei.hms:availableupdate:6.1.0.302] AndroidManifest.xml:14:22-80
48    <uses-permission android:name="com.huawei.appmarket.service.commondata.permission.GET_COMMON_DATA" />
48-->[com.huawei.hms:availableupdate:6.1.0.302] AndroidManifest.xml:16:5-106
48-->[com.huawei.hms:availableupdate:6.1.0.302] AndroidManifest.xml:16:22-103
49    <uses-permission android:name="com.huawei.permission.sec.MDM.v2" />
49-->[com.huawei.hms:ads-core:3.4.47.302] AndroidManifest.xml:17:5-72
49-->[com.huawei.hms:ads-core:3.4.47.302] AndroidManifest.xml:17:22-69
50    <uses-permission android:name="android.permission.GET_TASKS" />
50-->[com.huawei.hms:ads-core:3.4.47.302] AndroidManifest.xml:18:5-68
50-->[com.huawei.hms:ads-core:3.4.47.302] AndroidManifest.xml:18:22-65
51    <uses-permission android:name="android.permission.REAL_GET_TASKS" />
51-->[com.huawei.hms:ads-core:3.4.47.302] AndroidManifest.xml:19:5-73
51-->[com.huawei.hms:ads-core:3.4.47.302] AndroidManifest.xml:19:22-70
52    <uses-permission android:name="com.huawei.permission.sec.ACCESS_UDID" />
52-->[com.huawei.hms:ads-core:3.4.47.302] AndroidManifest.xml:20:5-77
52-->[com.huawei.hms:ads-core:3.4.47.302] AndroidManifest.xml:20:22-74
53    <uses-permission android:name="android.permission.BLUETOOTH" />
53-->[com.huawei.hms:ads-core:3.4.47.302] AndroidManifest.xml:21:5-68
53-->[com.huawei.hms:ads-core:3.4.47.302] AndroidManifest.xml:21:22-65
54    <uses-permission android:name="com.huawei.permission.app.DOWNLOAD" />
54-->[com.huawei.hms:ads-core:3.4.47.302] AndroidManifest.xml:22:5-74
54-->[com.huawei.hms:ads-core:3.4.47.302] AndroidManifest.xml:22:22-71
55    <uses-permission android:name="android.permission.CAMERA" />
55-->[com.huawei.hms:ads-core:3.4.47.302] AndroidManifest.xml:23:5-65
55-->[com.huawei.hms:ads-core:3.4.47.302] AndroidManifest.xml:23:22-62
56    <uses-permission android:name="android.permission.READ_CALENDAR" />
56-->[com.huawei.hms:ads-core:3.4.47.302] AndroidManifest.xml:24:5-72
56-->[com.huawei.hms:ads-core:3.4.47.302] AndroidManifest.xml:24:22-69
57    <uses-permission android:name="android.permission.WRITE_CALENDAR" />
57-->[com.huawei.hms:ads-core:3.4.47.302] AndroidManifest.xml:25:5-73
57-->[com.huawei.hms:ads-core:3.4.47.302] AndroidManifest.xml:25:22-70
58    <uses-permission android:name="android.permission.QUERY_ALL_PACKAGES" />
58-->[com.huawei.hms:ads-core:3.4.47.302] AndroidManifest.xml:26:5-77
58-->[com.huawei.hms:ads-core:3.4.47.302] AndroidManifest.xml:26:22-74
59    <uses-permission android:name="com.android.permission.GET_INSTALLED_APPS" />
59-->[com.huawei.hms:ads-core:3.4.47.302] AndroidManifest.xml:27:5-81
59-->[com.huawei.hms:ads-core:3.4.47.302] AndroidManifest.xml:27:22-78
60    <uses-permission android:name="android.permission.BROADCAST_STICKY" />
60-->[com.huawei.hms:ads-splash:13.4.47.302] AndroidManifest.xml:12:5-75
60-->[com.huawei.hms:ads-splash:13.4.47.302] AndroidManifest.xml:12:22-72
61
62    <application
62-->src/main/AndroidManifest.xml:15:5-49:19
63        android:allowBackup="true"
63-->src/main/AndroidManifest.xml:16:9-35
64        android:appComponentFactory="androidx.core.app.CoreComponentFactory"
64-->[androidx.core:core:1.6.0] AndroidManifest.xml:24:18-86
65        android:icon="@mipmap/ic_launcher"
65-->src/main/AndroidManifest.xml:17:9-43
66        android:label="@string/app_name"
66-->src/main/AndroidManifest.xml:18:9-41
67        android:roundIcon="@mipmap/ic_launcher_round"
67-->src/main/AndroidManifest.xml:19:9-54
68        android:supportsRtl="true"
68-->src/main/AndroidManifest.xml:20:9-35
69        android:theme="@style/Theme.Eatsy"
69-->src/main/AndroidManifest.xml:21:9-43
70        android:usesCleartextTraffic="true" >
70-->src/main/AndroidManifest.xml:22:9-44
71        <activity
71-->src/main/AndroidManifest.xml:23:9-30:20
72            android:name="com.example.jotdown.Login"
72-->src/main/AndroidManifest.xml:24:13-34
73            android:exported="true" >
73-->src/main/AndroidManifest.xml:25:13-36
74            <intent-filter>
74-->src/main/AndroidManifest.xml:26:13-29:29
75                <action android:name="android.intent.action.MAIN" />
75-->src/main/AndroidManifest.xml:27:17-69
75-->src/main/AndroidManifest.xml:27:25-66
76
77                <category android:name="android.intent.category.LAUNCHER" />
77-->src/main/AndroidManifest.xml:28:17-77
77-->src/main/AndroidManifest.xml:28:27-74
78            </intent-filter>
79        </activity>
80        <activity
80-->src/main/AndroidManifest.xml:31:9-35:20
81            android:name="com.example.jotdown.MainActivity"
81-->src/main/AndroidManifest.xml:32:13-41
82            android:exported="true" >
82-->src/main/AndroidManifest.xml:33:13-36
83        </activity>
84        <activity
84-->src/main/AndroidManifest.xml:36:9-38:39
85            android:name="com.example.jotdown.AddActivity"
85-->src/main/AndroidManifest.xml:37:13-40
86            android:exported="true" />
86-->src/main/AndroidManifest.xml:38:13-36
87        <activity
87-->src/main/AndroidManifest.xml:39:9-41:39
88            android:name="com.example.jotdown.Example7Fragment"
88-->src/main/AndroidManifest.xml:40:13-45
89            android:exported="true" />
89-->src/main/AndroidManifest.xml:41:13-36
90
91        <meta-data
91-->src/main/AndroidManifest.xml:43:9-45:37
92            android:name="com.huawei.hms.client.channel.androidMarket"
92-->src/main/AndroidManifest.xml:44:13-71
93            android:value="false" />
93-->src/main/AndroidManifest.xml:45:13-34
94        <meta-data
94-->src/main/AndroidManifest.xml:46:9-48:36
95            android:name="push_kit_auto_init_enabled"
95-->src/main/AndroidManifest.xml:47:13-54
96            android:value="true" />
96-->src/main/AndroidManifest.xml:48:13-33
97
98        <activity
98-->[com.huawei.hms:hwid:6.1.0.302] AndroidManifest.xml:10:9-16:20
99            android:name="com.huawei.hms.hwid.internal.ui.activity.HwIdSignInHubActivity"
99-->[com.huawei.hms:hwid:6.1.0.302] AndroidManifest.xml:11:13-90
100            android:configChanges="fontScale|uiMode"
100-->[com.huawei.hms:hwid:6.1.0.302] AndroidManifest.xml:12:13-53
101            android:excludeFromRecents="true"
101-->[com.huawei.hms:hwid:6.1.0.302] AndroidManifest.xml:13:13-46
102            android:exported="false"
102-->[com.huawei.hms:hwid:6.1.0.302] AndroidManifest.xml:14:13-37
103            android:theme="@android:style/Theme.Translucent.NoTitleBar" >
103-->[com.huawei.hms:hwid:6.1.0.302] AndroidManifest.xml:15:13-72
104        </activity>
105        <activity
105-->[com.huawei.hms:hwid:6.1.0.302] AndroidManifest.xml:17:9-22:20
106            android:name="com.huawei.hms.account.internal.ui.activity.AccountSignInHubActivity"
106-->[com.huawei.hms:hwid:6.1.0.302] AndroidManifest.xml:18:13-96
107            android:excludeFromRecents="true"
107-->[com.huawei.hms:hwid:6.1.0.302] AndroidManifest.xml:19:13-46
108            android:exported="false"
108-->[com.huawei.hms:hwid:6.1.0.302] AndroidManifest.xml:20:13-37
109            android:theme="@android:style/Theme.Translucent.NoTitleBar" >
109-->[com.huawei.hms:hwid:6.1.0.302] AndroidManifest.xml:21:13-72
110        </activity> <!-- 切记同步修改 HuaweiIdAuthInternalConstant.HMS_SDK_VERSION -->
111        <meta-data
111-->[com.huawei.hms:hwid:6.1.0.302] AndroidManifest.xml:25:9-27:46
112            android:name="com.huawei.hms.client.service.name:hwid"
112-->[com.huawei.hms:hwid:6.1.0.302] AndroidManifest.xml:26:13-67
113            android:value="hwid:6.1.0.300" />
113-->[com.huawei.hms:hwid:6.1.0.302] AndroidManifest.xml:27:13-43
114        <meta-data
114-->[com.huawei.hms:hwid:6.1.0.302] AndroidManifest.xml:28:9-30:33
115            android:name="com.huawei.hms.min_api_level:hwid:hwid"
115-->[com.huawei.hms:hwid:6.1.0.302] AndroidManifest.xml:29:13-66
116            android:value="1" /> <!-- 5.3.0 独立授权依赖的api_level为11 -->
116-->[com.huawei.hms:hwid:6.1.0.302] AndroidManifest.xml:30:13-30
117        <!-- 5.3.0 setCarrierId依赖的api_level为13 -->
118        <meta-data
118-->[com.huawei.hms:hwid:6.1.0.302] AndroidManifest.xml:34:9-36:34
119            android:name="com.huawei.hms.min_api_level:hwid:account"
119-->[com.huawei.hms:hwid:6.1.0.302] AndroidManifest.xml:35:13-69
120            android:value="13" />
120-->[com.huawei.hms:hwid:6.1.0.302] AndroidManifest.xml:36:13-31
121
122        <receiver
122-->[com.huawei.hms:push:5.0.4.302] AndroidManifest.xml:26:9-37:20
123            android:name="com.huawei.hms.support.api.push.PushMsgReceiver"
123-->[com.huawei.hms:push:5.0.4.302] AndroidManifest.xml:27:13-75
124            android:directBootAware="true"
124-->[com.huawei.hms:push:5.0.4.302] AndroidManifest.xml:28:13-43
125            android:permission="com.example.jotdown.permission.PROCESS_PUSH_MSG" >
125-->[com.huawei.hms:push:5.0.4.302] AndroidManifest.xml:29:13-78
126            <intent-filter>
126-->[com.huawei.hms:push:5.0.4.302] AndroidManifest.xml:30:13-36:29
127
128                <!-- Mandatory, be used to receive notification bar message click event. -->
129                <action android:name="com.huawei.intent.action.PUSH_DELAY_NOTIFY" />
129-->[com.huawei.hms:push:5.0.4.302] AndroidManifest.xml:33:17-85
129-->[com.huawei.hms:push:5.0.4.302] AndroidManifest.xml:33:25-82
130                <!-- Optional, compatible with old huawei phones. -->
131                <action android:name="com.huawei.intent.action.PUSH" />
131-->[com.huawei.hms:push:5.0.4.302] AndroidManifest.xml:35:17-72
131-->[com.huawei.hms:push:5.0.4.302] AndroidManifest.xml:35:25-69
132            </intent-filter>
133        </receiver>
134        <receiver
134-->[com.huawei.hms:push:5.0.4.302] AndroidManifest.xml:38:9-49:20
135            android:name="com.huawei.hms.support.api.push.PushReceiver"
135-->[com.huawei.hms:push:5.0.4.302] AndroidManifest.xml:39:13-72
136            android:directBootAware="true"
136-->[com.huawei.hms:push:5.0.4.302] AndroidManifest.xml:40:13-43
137            android:permission="com.example.jotdown.permission.PROCESS_PUSH_MSG" >
137-->[com.huawei.hms:push:5.0.4.302] AndroidManifest.xml:41:13-78
138            <intent-filter>
138-->[com.huawei.hms:push:5.0.4.302] AndroidManifest.xml:42:13-48:29
139
140                <!-- Mandatory, be used to receive tokens. -->
141                <action android:name="com.huawei.android.push.intent.REGISTRATION" />
141-->[com.huawei.hms:push:5.0.4.302] AndroidManifest.xml:45:17-86
141-->[com.huawei.hms:push:5.0.4.302] AndroidManifest.xml:45:25-83
142                <!-- Mandatory, be used to receive messages. -->
143                <action android:name="com.huawei.android.push.intent.RECEIVE" />
143-->[com.huawei.hms:push:5.0.4.302] AndroidManifest.xml:47:17-81
143-->[com.huawei.hms:push:5.0.4.302] AndroidManifest.xml:47:25-78
144            </intent-filter>
145        </receiver> <!-- Definition of receiving service for notification bar and pass-through message of non-huawei mobile phone. -->
146        <service
146-->[com.huawei.hms:push:5.0.4.302] AndroidManifest.xml:52:9-62:19
147            android:name="com.huawei.hms.support.api.push.service.HmsMsgService"
147-->[com.huawei.hms:push:5.0.4.302] AndroidManifest.xml:53:13-81
148            android:directBootAware="true"
148-->[com.huawei.hms:push:5.0.4.302] AndroidManifest.xml:54:13-43
149            android:enabled="true"
149-->[com.huawei.hms:push:5.0.4.302] AndroidManifest.xml:55:13-35
150            android:exported="true"
150-->[com.huawei.hms:push:5.0.4.302] AndroidManifest.xml:56:13-36
151            android:process=":pushservice" >
151-->[com.huawei.hms:push:5.0.4.302] AndroidManifest.xml:57:13-43
152            <intent-filter>
152-->[com.huawei.hms:push:5.0.4.302] AndroidManifest.xml:58:13-61:29
153                <action android:name="com.huawei.push.msg.NOTIFY_MSG" />
153-->[com.huawei.hms:push:5.0.4.302] AndroidManifest.xml:59:17-73
153-->[com.huawei.hms:push:5.0.4.302] AndroidManifest.xml:59:25-70
154                <action android:name="com.huawei.push.msg.PASSBY_MSG" />
154-->[com.huawei.hms:push:5.0.4.302] AndroidManifest.xml:60:17-73
154-->[com.huawei.hms:push:5.0.4.302] AndroidManifest.xml:60:25-70
155            </intent-filter>
156        </service>
157
158        <provider
158-->[com.huawei.hms:push:5.0.4.302] AndroidManifest.xml:64:9-70:89
159            android:name="com.huawei.hms.support.api.push.PushProvider"
159-->[com.huawei.hms:push:5.0.4.302] AndroidManifest.xml:65:13-72
160            android:authorities="com.example.jotdown.huawei.push.provider"
160-->[com.huawei.hms:push:5.0.4.302] AndroidManifest.xml:66:13-72
161            android:exported="true"
161-->[com.huawei.hms:push:5.0.4.302] AndroidManifest.xml:67:13-36
162            android:permission="com.example.jotdown.permission.PUSH_PROVIDER"
162-->[com.huawei.hms:push:5.0.4.302] AndroidManifest.xml:68:13-75
163            android:readPermission="com.example.jotdown.permission.PUSH_PROVIDER"
163-->[com.huawei.hms:push:5.0.4.302] AndroidManifest.xml:69:13-79
164            android:writePermission="com.example.jotdown.permission.PUSH_WRITE_PROVIDER" />
164-->[com.huawei.hms:push:5.0.4.302] AndroidManifest.xml:70:13-86
165
166        <meta-data
166-->[com.huawei.hms:push:5.0.4.302] AndroidManifest.xml:72:9-74:46
167            android:name="com.huawei.hms.client.service.name:push"
167-->[com.huawei.hms:push:5.0.4.302] AndroidManifest.xml:73:13-67
168            android:value="push:5.0.4.302" />
168-->[com.huawei.hms:push:5.0.4.302] AndroidManifest.xml:74:13-43
169        <meta-data
169-->[com.huawei.hms:push:5.0.4.302] AndroidManifest.xml:75:9-77:33
170            android:name="com.huawei.hms.min_api_level:push:push"
170-->[com.huawei.hms:push:5.0.4.302] AndroidManifest.xml:76:13-66
171            android:value="1" />
171-->[com.huawei.hms:push:5.0.4.302] AndroidManifest.xml:77:13-30
172
173        <provider
173-->[com.huawei.hms:opendevice:5.0.4.300] AndroidManifest.xml:10:9-14:39
174            android:name="com.huawei.hms.aaid.InitProvider"
174-->[com.huawei.hms:opendevice:5.0.4.300] AndroidManifest.xml:11:13-60
175            android:authorities="com.example.jotdown.aaidinitprovider"
175-->[com.huawei.hms:opendevice:5.0.4.300] AndroidManifest.xml:12:13-68
176            android:exported="false"
176-->[com.huawei.hms:opendevice:5.0.4.300] AndroidManifest.xml:13:13-37
177            android:initOrder="500" />
177-->[com.huawei.hms:opendevice:5.0.4.300] AndroidManifest.xml:14:13-36
178
179        <meta-data
179-->[com.huawei.hms:opendevice:5.0.4.300] AndroidManifest.xml:16:9-18:52
180            android:name="com.huawei.hms.client.service.name:opendevice"
180-->[com.huawei.hms:opendevice:5.0.4.300] AndroidManifest.xml:17:13-73
181            android:value="opendevice:5.0.4.300" />
181-->[com.huawei.hms:opendevice:5.0.4.300] AndroidManifest.xml:18:13-49
182        <meta-data
182-->[com.huawei.hms:opendevice:5.0.4.300] AndroidManifest.xml:19:9-21:33
183            android:name="com.huawei.hms.min_api_level:opendevice:push"
183-->[com.huawei.hms:opendevice:5.0.4.300] AndroidManifest.xml:20:13-72
184            android:value="1" /> <!-- 为后续统计第三方app集成了哪些Kit，因此需要Kit在自己的AndroidManifest.xml文件中定义业务标签元数据 -->
184-->[com.huawei.hms:opendevice:5.0.4.300] AndroidManifest.xml:21:13-30
185        <meta-data
185-->[com.huawei.hms:base:6.1.0.302] AndroidManifest.xml:15:9-17:46
186            android:name="com.huawei.hms.client.service.name:base"
186-->[com.huawei.hms:base:6.1.0.302] AndroidManifest.xml:16:13-67
187            android:value="base:6.1.0.302" /> <!-- SDK依赖的HMSCore的最低api level元数据 -->
187-->[com.huawei.hms:base:6.1.0.302] AndroidManifest.xml:17:13-43
188        <meta-data
188-->[com.huawei.hms:base:6.1.0.302] AndroidManifest.xml:20:9-22:33
189            android:name="com.huawei.hms.min_api_level:base:hmscore"
189-->[com.huawei.hms:base:6.1.0.302] AndroidManifest.xml:21:13-69
190            android:value="1" /> <!-- 用于判断是否集成了本lib -->
190-->[com.huawei.hms:base:6.1.0.302] AndroidManifest.xml:22:13-30
191        <meta-data
191-->[com.huawei.hms:availableupdate:6.1.0.302] AndroidManifest.xml:32:9-34:35
192            android:name="availableLoaded"
192-->[com.huawei.hms:availableupdate:6.1.0.302] AndroidManifest.xml:33:13-43
193            android:value="yes" />
193-->[com.huawei.hms:availableupdate:6.1.0.302] AndroidManifest.xml:34:13-32
194
195        <provider
195-->[com.huawei.hms:availableupdate:6.1.0.302] AndroidManifest.xml:36:9-41:20
196            android:name="com.huawei.hms.update.provider.UpdateProvider"
196-->[com.huawei.hms:availableupdate:6.1.0.302] AndroidManifest.xml:37:13-73
197            android:authorities="com.example.jotdown.hms.update.provider"
197-->[com.huawei.hms:availableupdate:6.1.0.302] AndroidManifest.xml:38:13-71
198            android:exported="false"
198-->[com.huawei.hms:availableupdate:6.1.0.302] AndroidManifest.xml:39:13-37
199            android:grantUriPermissions="true" >
199-->[com.huawei.hms:availableupdate:6.1.0.302] AndroidManifest.xml:40:13-47
200        </provider>
201        <provider
201-->[com.huawei.hms:device:6.1.0.302] AndroidManifest.xml:24:9-28:51
202            android:name="com.huawei.hms.device.provider.CheckHmsProvider"
202-->[com.huawei.hms:device:6.1.0.302] AndroidManifest.xml:25:13-75
203            android:authorities="com.example.jotdown.hms.device.validate.spoofprovider"
203-->[com.huawei.hms:device:6.1.0.302] AndroidManifest.xml:26:13-85
204            android:exported="false"
204-->[com.huawei.hms:device:6.1.0.302] AndroidManifest.xml:27:13-37
205            android:grantUriPermissions="false" />
205-->[com.huawei.hms:device:6.1.0.302] AndroidManifest.xml:28:13-48
206        <provider
206-->[com.huawei.agconnect:agconnect-core:1.5.2.300] AndroidManifest.xml:11:9-14:40
207            android:name="com.huawei.agconnect.core.provider.AGConnectInitializeProvider"
207-->[com.huawei.agconnect:agconnect-core:1.5.2.300] AndroidManifest.xml:12:13-90
208            android:authorities="com.example.jotdown.AGCInitializeProvider"
208-->[com.huawei.agconnect:agconnect-core:1.5.2.300] AndroidManifest.xml:13:13-73
209            android:exported="false" />
209-->[com.huawei.agconnect:agconnect-core:1.5.2.300] AndroidManifest.xml:14:13-37
210
211        <service
211-->[com.huawei.agconnect:agconnect-core:1.5.2.300] AndroidManifest.xml:16:9-18:40
212            android:name="com.huawei.agconnect.core.ServiceDiscovery"
212-->[com.huawei.agconnect:agconnect-core:1.5.2.300] AndroidManifest.xml:17:13-70
213            android:exported="false" />
213-->[com.huawei.agconnect:agconnect-core:1.5.2.300] AndroidManifest.xml:18:13-37
214
215        <meta-data
215-->[com.huawei.hms:ads-lite:13.4.47.302] AndroidManifest.xml:13:9-15:52
216            android:name="com.huawei.hms.client.service.name:ads-lite"
216-->[com.huawei.hms:ads-lite:13.4.47.302] AndroidManifest.xml:14:13-71
217            android:value="ads-lite:13.4.47.302" />
217-->[com.huawei.hms:ads-lite:13.4.47.302] AndroidManifest.xml:15:13-49
218        <meta-data
218-->[com.huawei.hms:ads-identifier:3.4.34.301] AndroidManifest.xml:13:9-15:57
219            android:name="com.huawei.hms.client.service.name:ads-identifier"
219-->[com.huawei.hms:ads-identifier:3.4.34.301] AndroidManifest.xml:14:13-77
220            android:value="ads-identifier:3.4.34.301" />
220-->[com.huawei.hms:ads-identifier:3.4.34.301] AndroidManifest.xml:15:13-54
221        <meta-data
221-->[com.huawei.hms:ads-core:3.4.47.302] AndroidManifest.xml:30:9-32:35
222            android:name="hw.theme_type"
222-->[com.huawei.hms:ads-core:3.4.47.302] AndroidManifest.xml:31:13-41
223            android:value="273" />
223-->[com.huawei.hms:ads-core:3.4.47.302] AndroidManifest.xml:32:13-32
224        <meta-data
224-->[com.huawei.hms:ads-core:3.4.47.302] AndroidManifest.xml:33:9-35:72
225            android:name="permission.reason.android.permission-group.CALENDAR"
225-->[com.huawei.hms:ads-core:3.4.47.302] AndroidManifest.xml:34:13-79
226            android:resource="@string/hiad_calender_description_new" />
226-->[com.huawei.hms:ads-core:3.4.47.302] AndroidManifest.xml:35:13-69
227
228        <uses-library
228-->[com.huawei.hms:ads-core:3.4.47.302] AndroidManifest.xml:37:9-39:40
229            android:name="org.apache.http.legacy"
229-->[com.huawei.hms:ads-core:3.4.47.302] AndroidManifest.xml:38:13-50
230            android:required="false" />
230-->[com.huawei.hms:ads-core:3.4.47.302] AndroidManifest.xml:39:13-37
231
232        <provider
232-->[com.huawei.hms:ads-core:3.4.47.302] AndroidManifest.xml:41:9-45:50
233            android:name="com.huawei.openalliance.ad.ppskit.provider.PPSInstallFileProvider"
233-->[com.huawei.hms:ads-core:3.4.47.302] AndroidManifest.xml:42:13-93
234            android:authorities="com.example.jotdown.hiad.fileprovider"
234-->[com.huawei.hms:ads-core:3.4.47.302] AndroidManifest.xml:43:13-69
235            android:exported="false"
235-->[com.huawei.hms:ads-core:3.4.47.302] AndroidManifest.xml:44:13-37
236            android:grantUriPermissions="true" />
236-->[com.huawei.hms:ads-core:3.4.47.302] AndroidManifest.xml:45:13-47
237        <provider
237-->[com.huawei.hms:ads-core:3.4.47.302] AndroidManifest.xml:46:9-49:40
238            android:name="com.huawei.openalliance.ad.ppskit.provider.InnerApiProvider"
238-->[com.huawei.hms:ads-core:3.4.47.302] AndroidManifest.xml:47:13-87
239            android:authorities="com.example.jotdown.pps.innerapiprovider"
239-->[com.huawei.hms:ads-core:3.4.47.302] AndroidManifest.xml:48:13-72
240            android:exported="false" />
240-->[com.huawei.hms:ads-core:3.4.47.302] AndroidManifest.xml:49:13-37
241
242        <service
242-->[com.huawei.hms:ads-core:3.4.47.302] AndroidManifest.xml:51:9-57:19
243            android:name="com.huawei.android.hms.ppskit.PpsCoreService"
243-->[com.huawei.hms:ads-core:3.4.47.302] AndroidManifest.xml:52:13-72
244            android:exported="false" >
244-->[com.huawei.hms:ads-core:3.4.47.302] AndroidManifest.xml:53:13-37
245            <intent-filter>
245-->[com.huawei.hms:ads-core:3.4.47.302] AndroidManifest.xml:54:13-56:29
246                <action android:name="com.huawei.android.hms.ppskit.PPS_API_SERVICE" />
246-->[com.huawei.hms:ads-core:3.4.47.302] AndroidManifest.xml:55:17-88
246-->[com.huawei.hms:ads-core:3.4.47.302] AndroidManifest.xml:55:25-85
247            </intent-filter>
248        </service>
249
250        <activity
250-->[com.huawei.hms:ads-core:3.4.47.302] AndroidManifest.xml:59:9-68:20
251            android:name="com.huawei.openalliance.ad.ppskit.activity.InstallActivity"
251-->[com.huawei.hms:ads-core:3.4.47.302] AndroidManifest.xml:60:13-86
252            android:configChanges="mcc|mnc|keyboard|keyboardHidden|navigation|screenLayout|screenSize|smallestScreenSize|orientation"
252-->[com.huawei.hms:ads-core:3.4.47.302] AndroidManifest.xml:61:13-134
253            android:excludeFromRecents="true"
253-->[com.huawei.hms:ads-core:3.4.47.302] AndroidManifest.xml:62:13-46
254            android:exported="false"
254-->[com.huawei.hms:ads-core:3.4.47.302] AndroidManifest.xml:63:13-37
255            android:theme="@android:style/Theme.Light.NoTitleBar" >
255-->[com.huawei.hms:ads-core:3.4.47.302] AndroidManifest.xml:64:13-66
256            <meta-data
256-->[com.huawei.hms:ads-core:3.4.47.302] AndroidManifest.xml:65:13-67:82
257                android:name="hwc-theme"
257-->[com.huawei.hms:ads-core:3.4.47.302] AndroidManifest.xml:66:17-41
258                android:value="androidhwext:style/Theme.Emui.Light.NoTitleBar" />
258-->[com.huawei.hms:ads-core:3.4.47.302] AndroidManifest.xml:67:17-79
259        </activity>
260        <activity
260-->[com.huawei.hms:ads-core:3.4.47.302] AndroidManifest.xml:69:9-78:20
261            android:name="com.huawei.openalliance.ad.ppskit.activity.HMSSDKInstallActivity"
261-->[com.huawei.hms:ads-core:3.4.47.302] AndroidManifest.xml:70:13-92
262            android:configChanges="mcc|mnc|keyboard|keyboardHidden|navigation|screenLayout|screenSize|smallestScreenSize|orientation"
262-->[com.huawei.hms:ads-core:3.4.47.302] AndroidManifest.xml:71:13-134
263            android:excludeFromRecents="true"
263-->[com.huawei.hms:ads-core:3.4.47.302] AndroidManifest.xml:72:13-46
264            android:exported="false"
264-->[com.huawei.hms:ads-core:3.4.47.302] AndroidManifest.xml:73:13-37
265            android:theme="@android:style/Theme.Light.NoTitleBar" >
265-->[com.huawei.hms:ads-core:3.4.47.302] AndroidManifest.xml:74:13-66
266            <meta-data
266-->[com.huawei.hms:ads-core:3.4.47.302] AndroidManifest.xml:65:13-67:82
267                android:name="hwc-theme"
267-->[com.huawei.hms:ads-core:3.4.47.302] AndroidManifest.xml:66:17-41
268                android:value="androidhwext:style/Theme.Emui.Light.NoTitleBar" />
268-->[com.huawei.hms:ads-core:3.4.47.302] AndroidManifest.xml:67:17-79
269        </activity>
270        <activity
270-->[com.huawei.hms:ads-core:3.4.47.302] AndroidManifest.xml:79:9-94:20
271            android:name="com.huawei.openalliance.ad.ppskit.activity.PPSActivity"
271-->[com.huawei.hms:ads-core:3.4.47.302] AndroidManifest.xml:80:13-82
272            android:configChanges="screenLayout|screenSize|smallestScreenSize|orientation|keyboardHidden"
272-->[com.huawei.hms:ads-core:3.4.47.302] AndroidManifest.xml:81:13-106
273            android:exported="false"